{"total": {"lines":{"total":390,"covered":380,"skipped":0,"pct":97.43},"statements":{"total":390,"covered":380,"skipped":0,"pct":97.43},"functions":{"total":27,"covered":26,"skipped":0,"pct":96.29},"branches":{"total":80,"covered":76,"skipped":0,"pct":95},"branchesTrue":{"total":0,"covered":0,"skipped":0,"pct":100}}
,"C:\\Users\\user\\Documents\\test\\test\\.claude\\worktrees\\numeric-baseball-skill-f96fdc\\unicorn-horror\\src\\audio\\hooves.ts": {"lines":{"total":49,"covered":49,"skipped":0,"pct":100},"functions":{"total":3,"covered":3,"skipped":0,"pct":100},"statements":{"total":49,"covered":49,"skipped":0,"pct":100},"branches":{"total":11,"covered":11,"skipped":0,"pct":100}}
,"C:\\Users\\user\\Documents\\test\\test\\.claude\\worktrees\\numeric-baseball-skill-f96fdc\\unicorn-horror\\src\\core\\rng.ts": {"lines":{"total":40,"covered":32,"skipped":0,"pct":80},"functions":{"total":7,"covered":6,"skipped":0,"pct":85.71},"statements":{"total":40,"covered":32,"skipped":0,"pct":80},"branches":{"total":10,"covered":10,"skipped":0,"pct":100}}
,"C:\\Users\\user\\Documents\\test\\test\\.claude\\worktrees\\numeric-baseball-skill-f96fdc\\unicorn-horror\\src\\entities\\unicorn.ts": {"lines":{"total":123,"covered":123,"skipped":0,"pct":100},"functions":{"total":6,"covered":6,"skipped":0,"pct":100},"statements":{"total":123,"covered":123,"skipped":0,"pct":100},"branches":{"total":21,"covered":20,"skipped":0,"pct":95.23}}
,"C:\\Users\\user\\Documents\\test\\test\\.claude\\worktrees\\numeric-baseball-skill-f96fdc\\unicorn-horror\\src\\gen\\heightmap.ts": {"lines":{"total":43,"covered":43,"skipped":0,"pct":100},"functions":{"total":4,"covered":4,"skipped":0,"pct":100},"statements":{"total":43,"covered":43,"skipped":0,"pct":100},"branches":{"total":13,"covered":11,"skipped":0,"pct":84.61}}
,"C:\\Users\\user\\Documents\\test\\test\\.claude\\worktrees\\numeric-baseball-skill-f96fdc\\unicorn-horror\\src\\gen\\material.ts": {"lines":{"total":48,"covered":46,"skipped":0,"pct":95.83},"functions":{"total":4,"covered":4,"skipped":0,"pct":100},"statements":{"total":48,"covered":46,"skipped":0,"pct":95.83},"branches":{"total":13,"covered":12,"skipped":0,"pct":92.3}}
,"C:\\Users\\user\\Documents\\test\\test\\.claude\\worktrees\\numeric-baseball-skill-f96fdc\\unicorn-horror\\src\\gen\\simplex.ts": {"lines":{"total":87,"covered":87,"skipped":0,"pct":100},"functions":{"total":3,"covered":3,"skipped":0,"pct":100},"statements":{"total":87,"covered":87,"skipped":0,"pct":100},"branches":{"total":12,"covered":12,"skipped":0,"pct":100}}
}
